[debug] [2024-10-08T01:11:29.132Z] ----------------------------------------------------------------------
[debug] [2024-10-08T01:11:29.134Z] Command:       C:\Program Files\nodejs\node.exe C:\Users\Kornebari Nantah\AppData\Roaming\npm\node_modules\firebase-tools\lib\bin\firebase.js init
[debug] [2024-10-08T01:11:29.134Z] CLI Version:   13.21.0
[debug] [2024-10-08T01:11:29.134Z] Platform:      win32
[debug] [2024-10-08T01:11:29.134Z] Node Version:  v20.2.0
[debug] [2024-10-08T01:11:29.134Z] Time:          Mon Oct 07 2024 20:11:29 GMT-0500 (Central Daylight Time)
[debug] [2024-10-08T01:11:29.134Z] ----------------------------------------------------------------------
[debug] 
[debug] [2024-10-08T01:11:29.140Z] > command requires scopes: ["email","openid","https://www.googleapis.com/auth/cloudplatformprojects.readonly","https://www.googleapis.com/auth/firebase","https://www.googleapis.com/auth/cloud-platform"]
[debug] [2024-10-08T01:11:29.140Z] > authorizing via signed-in user (nantahkl@gmail.com)
[info] 
     ######## #### ########  ######## ########     ###     ######  ########
     ##        ##  ##     ## ##       ##     ##  ##   ##  ##       ##
     ######    ##  ########  ######   ########  #########  ######  ######
     ##        ##  ##    ##  ##       ##     ## ##     ##       ## ##
     ##       #### ##     ## ######## ########  ##     ##  ######  ########

You're about to initialize a Firebase project in this directory:

  C:\Users\Kornebari Nantah\projects\j5consultation

[info] 
=== Project Setup
[info] 
[info] First, let's associate this project directory with a Firebase project.
[info] You can create multiple project aliases by running firebase use --add, 
[info] but for now we'll just set up a default project.
[info] 
[info] i  If you want to create a project in a Google Cloud organization or folder, please use "firebase projects:create" instead, and return to this command when you've created the project. 
[debug] [2024-10-08T01:15:15.260Z] ----------------------------------------------------------------------
[debug] [2024-10-08T01:15:15.263Z] Command:       C:\Program Files\nodejs\node.exe C:\Users\Kornebari Nantah\AppData\Roaming\npm\node_modules\firebase-tools\lib\bin\firebase.js init
[debug] [2024-10-08T01:15:15.263Z] CLI Version:   13.21.0
[debug] [2024-10-08T01:15:15.263Z] Platform:      win32
[debug] [2024-10-08T01:15:15.263Z] Node Version:  v20.2.0
[debug] [2024-10-08T01:15:15.263Z] Time:          Mon Oct 07 2024 20:15:15 GMT-0500 (Central Daylight Time)
[debug] [2024-10-08T01:15:15.263Z] ----------------------------------------------------------------------
[debug] 
[debug] [2024-10-08T01:15:15.269Z] > command requires scopes: ["email","openid","https://www.googleapis.com/auth/cloudplatformprojects.readonly","https://www.googleapis.com/auth/firebase","https://www.googleapis.com/auth/cloud-platform"]
[debug] [2024-10-08T01:15:15.269Z] > authorizing via signed-in user (nantahkl@gmail.com)
[info] 
     ######## #### ########  ######## ########     ###     ######  ########
     ##        ##  ##     ## ##       ##     ##  ##   ##  ##       ##
     ######    ##  ########  ######   ########  #########  ######  ######
     ##        ##  ##    ##  ##       ##     ## ##     ##       ## ##
     ##       #### ##     ## ######## ########  ##     ##  ######  ########

You're about to initialize a Firebase project in this directory:

  C:\Users\Kornebari Nantah\projects\j5consultation

[info] 
=== Project Setup
[info] 
[info] First, let's associate this project directory with a Firebase project.
[info] You can create multiple project aliases by running firebase use --add, 
[info] but for now we'll just set up a default project.
[info] 
[debug] [2024-10-08T01:15:26.277Z] Checked if tokens are valid: false, expires at: 1719693216987
[debug] [2024-10-08T01:15:26.277Z] Checked if tokens are valid: false, expires at: 1719693216987
[debug] [2024-10-08T01:15:26.278Z] > refreshing access token with scopes: []
[debug] [2024-10-08T01:15:26.279Z] >>> [apiv2][query] POST https://www.googleapis.com/oauth2/v3/token [none]
[debug] [2024-10-08T01:15:26.279Z] >>> [apiv2][body] POST https://www.googleapis.com/oauth2/v3/token [omitted]
[debug] [2024-10-08T01:15:26.409Z] <<< [apiv2][status] POST https://www.googleapis.com/oauth2/v3/token 200
[debug] [2024-10-08T01:15:26.409Z] <<< [apiv2][body] POST https://www.googleapis.com/oauth2/v3/token [omitted]
[debug] [2024-10-08T01:15:26.417Z] >>> [apiv2][query] GET https://firebase.googleapis.com/v1beta1/projects pageSize=100
[debug] [2024-10-08T01:15:26.618Z] <<< [apiv2][status] GET https://firebase.googleapis.com/v1beta1/projects 200
[debug] [2024-10-08T01:15:26.618Z] <<< [apiv2][body] GET https://firebase.googleapis.com/v1beta1/projects [omitted]
[info] i  Using project j5consultation (j5Consultation) 
[info] 
=== Firestore Setup
[debug] [2024-10-08T01:15:29.260Z] Checked if tokens are valid: true, expires at: 1728353725409
[debug] [2024-10-08T01:15:29.260Z] Checked if tokens are valid: true, expires at: 1728353725409
[debug] [2024-10-08T01:15:29.260Z] >>> [apiv2][query] GET https://serviceusage.googleapis.com/v1/projects/j5consultation/services/firestore.googleapis.com [none]
[debug] [2024-10-08T01:15:29.260Z] >>> [apiv2][(partial)header] GET https://serviceusage.googleapis.com/v1/projects/j5consultation/services/firestore.googleapis.com x-goog-quota-user=projects/j5consultation
[debug] [2024-10-08T01:15:29.510Z] <<< [apiv2][status] GET https://serviceusage.googleapis.com/v1/projects/j5consultation/services/firestore.googleapis.com 200
[debug] [2024-10-08T01:15:29.510Z] <<< [apiv2][body] GET https://serviceusage.googleapis.com/v1/projects/j5consultation/services/firestore.googleapis.com [omitted]
[debug] [2024-10-08T01:15:29.511Z] Checked if tokens are valid: true, expires at: 1728353725409
[debug] [2024-10-08T01:15:29.511Z] Checked if tokens are valid: true, expires at: 1728353725409
[debug] [2024-10-08T01:15:29.511Z] >>> [apiv2][query] GET https://firestore.googleapis.com/v1/projects/j5consultation/databases/(default) [none]
[debug] [2024-10-08T01:15:29.692Z] <<< [apiv2][status] GET https://firestore.googleapis.com/v1/projects/j5consultation/databases/(default) 404
[debug] [2024-10-08T01:15:29.692Z] <<< [apiv2][body] GET https://firestore.googleapis.com/v1/projects/j5consultation/databases/(default) {"error":{"code":404,"message":"Project 'j5consultation' or database '(default)' does not exist.","status":"NOT_FOUND"}}
[debug] [2024-10-08T01:15:29.692Z] error getting database type:  HTTP Error: 404, Project 'j5consultation' or database '(default)' does not exist. {"name":"FirebaseError","children":[],"context":{"body":{"error":{"code":404,"message":"Project 'j5consultation' or database '(default)' does not exist.","status":"NOT_FOUND"}},"response":{"statusCode":404}},"exit":1,"message":"HTTP Error: 404, Project 'j5consultation' or database '(default)' does not exist.","status":404}
[info] (default) does not exist in project j5consultation.
[debug] [2024-10-08T01:15:29.693Z] database_type: DATABASE_DOES_NOT_EXIST
[debug] [2024-10-08T01:15:52.463Z] Checked if tokens are valid: true, expires at: 1728353725409
[debug] [2024-10-08T01:15:52.464Z] Checked if tokens are valid: true, expires at: 1728353725409
[debug] [2024-10-08T01:15:52.464Z] >>> [apiv2][query] GET https://firestore.googleapis.com/v1/projects/j5consultation/databases/j5consultation [none]
[debug] [2024-10-08T01:15:52.605Z] <<< [apiv2][status] GET https://firestore.googleapis.com/v1/projects/j5consultation/databases/j5consultation 404
[debug] [2024-10-08T01:15:52.605Z] <<< [apiv2][body] GET https://firestore.googleapis.com/v1/projects/j5consultation/databases/j5consultation {"error":{"code":404,"message":"Project 'j5consultation' or database 'j5consultation' does not exist.","status":"NOT_FOUND"}}
[debug] [2024-10-08T01:15:52.605Z] error getting database type:  HTTP Error: 404, Project 'j5consultation' or database 'j5consultation' does not exist. {"name":"FirebaseError","children":[],"context":{"body":{"error":{"code":404,"message":"Project 'j5consultation' or database 'j5consultation' does not exist.","status":"NOT_FOUND"}},"response":{"statusCode":404}},"exit":1,"message":"HTTP Error: 404, Project 'j5consultation' or database 'j5consultation' does not exist.","status":404}
[info] j5consultation does not exist in project j5consultation.
[debug] [2024-10-08T01:15:52.606Z] database_type: DATABASE_DOES_NOT_EXIST
[debug] [2024-10-08T01:17:29.069Z] Checked if tokens are valid: true, expires at: 1728353725409
[debug] [2024-10-08T01:17:29.069Z] Checked if tokens are valid: true, expires at: 1728353725409
[debug] [2024-10-08T01:17:29.069Z] >>> [apiv2][query] GET https://firestore.googleapis.com/v1/projects/j5consultation/databases/j5consultation [none]
[debug] [2024-10-08T01:17:29.245Z] <<< [apiv2][status] GET https://firestore.googleapis.com/v1/projects/j5consultation/databases/j5consultation 404
[debug] [2024-10-08T01:17:29.245Z] <<< [apiv2][body] GET https://firestore.googleapis.com/v1/projects/j5consultation/databases/j5consultation {"error":{"code":404,"message":"Project 'j5consultation' or database 'j5consultation' does not exist.","status":"NOT_FOUND"}}
[debug] [2024-10-08T01:17:29.245Z] error getting database type:  HTTP Error: 404, Project 'j5consultation' or database 'j5consultation' does not exist. {"name":"FirebaseError","children":[],"context":{"body":{"error":{"code":404,"message":"Project 'j5consultation' or database 'j5consultation' does not exist.","status":"NOT_FOUND"}},"response":{"statusCode":404}},"exit":1,"message":"HTTP Error: 404, Project 'j5consultation' or database 'j5consultation' does not exist.","status":404}
[info] j5consultation does not exist in project j5consultation.
[debug] [2024-10-08T01:17:29.245Z] database_type: DATABASE_DOES_NOT_EXIST
